<?xml version="1.0" encoding="UTF-8"?>
<testng-results skipped="0" failed="0" ignored="0" total="2" passed="2">
  <reporter-output>
  </reporter-output>
  <suite name="Regression Suit2" duration-ms="250403" started-at="2018-09-04T12:56:01Z" finished-at="2018-09-04T13:00:12Z">
    <groups>
    </groups>
    <test name="test" duration-ms="250403" started-at="2018-09-04T12:56:01Z" finished-at="2018-09-04T13:00:12Z">
      <class name="com.test.automation.nbf.login.TC001_valid_login">
        <test-method status="PASS" signature="start()[pri:0, instance:com.test.automation.nbf.login.TC001_valid_login@2b9627bc]" name="start" is-config="true" duration-ms="19074" started-at="2018-09-04T12:56:01Z" finished-at="2018-09-04T12:56:20Z">
          <reporter-output>
          </reporter-output>
        </test-method> <!-- start -->
        <test-method status="PASS" signature="verifylogin()[pri:0, instance:com.test.automation.nbf.login.TC001_valid_login@2b9627bc]" name="verifylogin" duration-ms="127230" started-at="2018-09-04T12:56:20Z" finished-at="2018-09-04T12:58:27Z">
          <reporter-output>
          </reporter-output>
        </test-method> <!-- verifylogin -->
        <test-method status="PASS" signature="endtest()[pri:0, instance:com.test.automation.nbf.login.TC001_valid_login@2b9627bc]" name="endtest" is-config="true" duration-ms="633" started-at="2018-09-04T12:58:27Z" finished-at="2018-09-04T12:58:28Z">
          <reporter-output>
          </reporter-output>
        </test-method> <!-- endtest -->
      </class> <!-- com.test.automation.nbf.login.TC001_valid_login -->
      <class name="com.test.automation.nbf.login.TC002_approvebillpayments">
        <test-method status="PASS" signature="start()[pri:0, instance:com.test.automation.nbf.login.TC002_approvebillpayments@65e2dbf3]" name="start" is-config="true" duration-ms="18105" started-at="2018-09-04T12:58:28Z" finished-at="2018-09-04T12:58:46Z">
          <reporter-output>
          </reporter-output>
        </test-method> <!-- start -->
        <test-method status="PASS" signature="approvebill()[pri:0, instance:com.test.automation.nbf.login.TC002_approvebillpayments@65e2dbf3]" name="approvebill" duration-ms="84739" started-at="2018-09-04T12:58:46Z" finished-at="2018-09-04T13:00:11Z">
          <reporter-output>
          </reporter-output>
        </test-method> <!-- approvebill -->
        <test-method status="PASS" signature="endtest()[pri:0, instance:com.test.automation.nbf.login.TC002_approvebillpayments@65e2dbf3]" name="endtest" is-config="true" duration-ms="598" started-at="2018-09-04T13:00:11Z" finished-at="2018-09-04T13:00:12Z">
          <reporter-output>
          </reporter-output>
        </test-method> <!-- endtest -->
      </class> <!-- com.test.automation.nbf.login.TC002_approvebillpayments -->
    </test> <!-- test -->
  </suite> <!-- Regression Suit2 -->
</testng-results>
